[2022-11-10 17:10:58] [ DEBUG] [OdontologoDaoH2:73] Odontologo{apellido='Buritica', nombre='Viviana', matricula=7898}
[2022-11-10 17:11:33] [ ERROR] [OdontologoDaoH2:42] Table "ODONTOLOGOS" not found (this database is empty); SQL statement:
INSERT INTO odontologos(apellido, nombre, matricula) VALUES(?, ?, ?) [42104-214]
[2022-11-10 17:11:33] [ ERROR] [OdontologoDaoH2:42] Table "ODONTOLOGOS" not found (this database is empty); SQL statement:
INSERT INTO odontologos(apellido, nombre, matricula) VALUES(?, ?, ?) [42104-214]
[2022-11-10 17:11:33] [ ERROR] [OdontologoDaoH2:77] Table "ODONTOLOGOS" not found (this database is empty); SQL statement:
SELECT * FROM odontologos WHERE id = ? [42104-214]
[2022-11-10 17:11:33] [ ERROR] [OdontologoDaoH2:151] Table "ODONTOLOGOS" not found (this database is empty); SQL statement:
DELETE FROM odontologos WHERE id = ? [42104-214]
[2022-11-10 17:11:33] [ ERROR] [OdontologoDaoH2:42] Table "ODONTOLOGOS" not found (this database is empty); SQL statement:
INSERT INTO odontologos(apellido, nombre, matricula) VALUES(?, ?, ?) [42104-214]
[2022-11-10 17:11:33] [ ERROR] [OdontologoDaoH2:42] Table "ODONTOLOGOS" not found (this database is empty); SQL statement:
INSERT INTO odontologos(apellido, nombre, matricula) VALUES(?, ?, ?) [42104-214]
[2022-11-10 17:11:33] [ ERROR] [OdontologoDaoH2:42] Table "ODONTOLOGOS" not found (this database is empty); SQL statement:
INSERT INTO odontologos(apellido, nombre, matricula) VALUES(?, ?, ?) [42104-214]
[2022-11-10 17:11:34] [ ERROR] [OdontologoDaoH2:107] Table "ODONTOLOGOS" not found (this database is empty); SQL statement:
SELECT * FROM odontologos [42104-214]
[2022-11-10 17:11:34] [ ERROR] [OdontologoDaoH2:129] Table "ODONTOLOGOS" not found (this database is empty); SQL statement:
UPDATE odontologos SET matricula= ? WHERE id =? [42104-214]
[2022-11-10 17:11:34] [ ERROR] [OdontologoDaoH2:77] Table "ODONTOLOGOS" not found (this database is empty); SQL statement:
SELECT * FROM odontologos WHERE id = ? [42104-214]
[2022-11-10 17:12:08] [ DEBUG] [OdontologoDaoH2:73] Odontologo{apellido='Guzman', nombre='Viviana', matricula=1234}
[2022-11-10 17:12:08] [ DEBUG] [OdontologoDaoH2:73] Odontologo{apellido='Buritica', nombre='Viviana', matricula=7898}
[2022-11-10 17:23:55] [ DEBUG] [OdontologoDaoH2:73] Odontologo{apellido='Buritica', nombre='Viviana', matricula=7898}
[2022-11-10 17:26:26] [ DEBUG] [OdontologoDaoH2:73] Odontologo{apellido='Buritica', nombre='Viviana', matricula=7898}
[2022-11-10 17:26:42] [ ERROR] [OdontologoDaoH2:42] Table "ODONTOLOGOS" not found (this database is empty); SQL statement:
INSERT INTO odontologos(apellido, nombre, matricula) VALUES(?, ?, ?) [42104-214]
[2022-11-10 17:26:42] [ ERROR] [OdontologoDaoH2:42] Table "ODONTOLOGOS" not found (this database is empty); SQL statement:
INSERT INTO odontologos(apellido, nombre, matricula) VALUES(?, ?, ?) [42104-214]
[2022-11-10 17:26:42] [ ERROR] [OdontologoDaoH2:77] Table "ODONTOLOGOS" not found (this database is empty); SQL statement:
SELECT * FROM odontologos WHERE id = ? [42104-214]
[2022-11-10 17:26:42] [ ERROR] [OdontologoDaoH2:151] Table "ODONTOLOGOS" not found (this database is empty); SQL statement:
DELETE FROM odontologos WHERE id = ? [42104-214]
[2022-11-10 17:26:43] [ ERROR] [OdontologoDaoH2:42] Table "ODONTOLOGOS" not found (this database is empty); SQL statement:
INSERT INTO odontologos(apellido, nombre, matricula) VALUES(?, ?, ?) [42104-214]
[2022-11-10 17:26:43] [ ERROR] [OdontologoDaoH2:42] Table "ODONTOLOGOS" not found (this database is empty); SQL statement:
INSERT INTO odontologos(apellido, nombre, matricula) VALUES(?, ?, ?) [42104-214]
[2022-11-10 17:26:43] [ ERROR] [OdontologoDaoH2:42] Table "ODONTOLOGOS" not found (this database is empty); SQL statement:
INSERT INTO odontologos(apellido, nombre, matricula) VALUES(?, ?, ?) [42104-214]
[2022-11-10 17:26:43] [ ERROR] [OdontologoDaoH2:107] Table "ODONTOLOGOS" not found (this database is empty); SQL statement:
SELECT * FROM odontologos [42104-214]
[2022-11-10 17:26:43] [ ERROR] [OdontologoDaoH2:129] Table "ODONTOLOGOS" not found (this database is empty); SQL statement:
UPDATE odontologos SET matricula= ? WHERE id =? [42104-214]
[2022-11-10 17:26:43] [ ERROR] [OdontologoDaoH2:77] Table "ODONTOLOGOS" not found (this database is empty); SQL statement:
SELECT * FROM odontologos WHERE id = ? [42104-214]
[2022-11-10 17:27:07] [ DEBUG] [OdontologoDaoH2:73] Odontologo{apellido='Guzman', nombre='Viviana', matricula=1234}
[2022-11-10 17:27:07] [ DEBUG] [OdontologoDaoH2:73] Odontologo{apellido='Buritica', nombre='Viviana', matricula=7898}
[2022-11-10 17:32:22] [ DEBUG] [OdontologoDaoH2:73] Odontologo{apellido='Buritica', nombre='Viviana', matricula=7898}
[2022-11-10 17:41:00] [ ERROR] [OdontologoDaoH2:42] Table "ODONTOLOGOS" not found (this database is empty); SQL statement:
INSERT INTO odontologos(apellido, nombre, matricula) VALUES(?, ?, ?) [42104-214]
[2022-11-10 17:41:00] [ ERROR] [OdontologoDaoH2:42] Table "ODONTOLOGOS" not found (this database is empty); SQL statement:
INSERT INTO odontologos(apellido, nombre, matricula) VALUES(?, ?, ?) [42104-214]
[2022-11-10 17:41:00] [ ERROR] [OdontologoDaoH2:77] Table "ODONTOLOGOS" not found (this database is empty); SQL statement:
SELECT * FROM odontologos WHERE id = ? [42104-214]
[2022-11-10 17:41:00] [ ERROR] [OdontologoDaoH2:151] Table "ODONTOLOGOS" not found (this database is empty); SQL statement:
DELETE FROM odontologos WHERE id = ? [42104-214]
[2022-11-10 17:41:00] [ ERROR] [OdontologoDaoH2:42] Table "ODONTOLOGOS" not found (this database is empty); SQL statement:
INSERT INTO odontologos(apellido, nombre, matricula) VALUES(?, ?, ?) [42104-214]
[2022-11-10 17:41:00] [ ERROR] [OdontologoDaoH2:42] Table "ODONTOLOGOS" not found (this database is empty); SQL statement:
INSERT INTO odontologos(apellido, nombre, matricula) VALUES(?, ?, ?) [42104-214]
[2022-11-10 17:41:00] [ ERROR] [OdontologoDaoH2:42] Table "ODONTOLOGOS" not found (this database is empty); SQL statement:
INSERT INTO odontologos(apellido, nombre, matricula) VALUES(?, ?, ?) [42104-214]
[2022-11-10 17:41:00] [ ERROR] [OdontologoDaoH2:107] Table "ODONTOLOGOS" not found (this database is empty); SQL statement:
SELECT * FROM odontologos [42104-214]
[2022-11-10 17:41:00] [ ERROR] [OdontologoDaoH2:129] Table "ODONTOLOGOS" not found (this database is empty); SQL statement:
UPDATE odontologos SET matricula= ? WHERE id =? [42104-214]
[2022-11-10 17:41:00] [ ERROR] [OdontologoDaoH2:77] Table "ODONTOLOGOS" not found (this database is empty); SQL statement:
SELECT * FROM odontologos WHERE id = ? [42104-214]
